2025-12-21 13:29:18 USERID: 1 ACTION: symptom_checker_access DESC: Accessed symptom checker page IP: ::1
2025-12-21 13:30:06 USERID: 1 ACTION: symptom_check_request DESC: Symptoms: I am experiencing: fever. cough | Duration: 2 days IP: ::1
2025-12-21 13:30:06 USERID: 1 ACTION: symptom_check_error DESC: API request failed with code: 404 IP: ::1
2025-12-21 13:32:12 USERID: 1 ACTION: symptom_checker_access DESC: Accessed symptom checker page IP: ::1
2025-12-21 13:32:21 USERID: 1 ACTION: symptom_checker_access DESC: Accessed symptom checker page IP: ::1
2025-12-21 13:39:41 USERID: 1 ACTION: symptom_checker_access DESC: Accessed symptom checker page IP: ::1
2025-12-21 13:40:01 USERID: 1 ACTION: symptom_check_request DESC: Symptoms: I am experiencing: fever. cough | Duration: 2 days IP: ::1
2025-12-21 13:40:02 USERID: 1 ACTION: symptom_check_error DESC: API request failed with code: 404 IP: ::1
2025-12-21 14:07:18 USERID: 1 ACTION: symptom_checker_access DESC: Accessed symptom checker page IP: ::1
2025-12-21 14:07:19 USERID: 1 ACTION: symptom_checker_access DESC: Accessed symptom checker page IP: ::1
2025-12-21 14:07:33 USERID: 1 ACTION: symptom_check_request DESC: Symptoms: I am experiencing: fever. cough | Duration: 2 days IP: ::1
2025-12-21 14:07:34 USERID: 1 ACTION: symptom_check_error DESC: API request failed with code: 404 IP: ::1
2025-12-21 14:15:44 USERID: 1 ACTION: symptom_checker_access DESC: Accessed symptom checker page IP: ::1
2025-12-21 14:16:03 USERID: 1 ACTION: symptom_checker_access DESC: Accessed symptom checker page IP: ::1
2025-12-21 14:16:03 USERID: 1 ACTION: symptom_checker_access DESC: Accessed symptom checker page IP: ::1
2025-12-21 14:17:35 USERID: 1 ACTION: symptom_checker_access DESC: Accessed symptom checker page IP: ::1
2025-12-21 14:17:36 USERID: 1 ACTION: symptom_checker_access DESC: Accessed symptom checker page IP: ::1
2025-12-21 14:17:37 USERID: 1 ACTION: symptom_checker_access DESC: Accessed symptom checker page IP: ::1
2025-12-21 14:18:58 USERID: 1 ACTION: symptom_checker_access DESC: Accessed symptom checker page IP: ::1
2025-12-21 14:19:10 USERID: 1 ACTION: symptom_check_request DESC: Symptoms: I am experiencing: fever. cough | Duration: 2 days IP: ::1
2025-12-21 14:19:18 USERID: 1 ACTION: symptom_check_request DESC: Symptoms: I am experiencing: fever. cough | Duration: 2 days IP: ::1
2025-12-21 14:19:43 USERID: 1 ACTION: symptom_check_request DESC: Symptoms: I am experiencing: fever. cough | Duration: 2 days IP: ::1
2025-12-21 14:19:49 USERID: 1 ACTION: symptom_check_request DESC: Symptoms: I am experiencing: fever. cough | Duration: 2 days IP: ::1
2025-12-21 14:21:30 USERID: 1 ACTION: symptom_check_request DESC: Symptoms: I am experiencing: fever. cough | Duration: 2 days IP: ::1
2025-12-21 14:21:30 USERID: 1 ACTION: symptom_check_completed DESC: Check ID: 1 | Urgency: emergency IP: ::1
2025-12-21 14:21:32 USERID: 1 ACTION: symptom_checker_access DESC: Accessed symptom checker page IP: ::1
2025-12-21 14:21:38 USERID: 1 ACTION: symptom_check_viewed DESC: Viewed check ID: 1 IP: ::1
2025-12-21 14:22:18 USERID: 1 ACTION: symptom_check_request DESC: Symptoms: I am experiencing: dizziness. nausea | Duration: 2 days IP: ::1
2025-12-21 14:22:18 USERID: 1 ACTION: symptom_check_completed DESC: Check ID: 2 | Urgency: routine IP: ::1
2025-12-21 14:22:20 USERID: 1 ACTION: symptom_checker_access DESC: Accessed symptom checker page IP: ::1
2025-12-21 14:22:38 USERID: 1 ACTION: symptom_check_viewed DESC: Viewed check ID: 1 IP: ::1
2025-12-21 14:29:09 USERID: 1 ACTION: symptom_check_request DESC: Symptoms: I am experiencing: fever. cough headache sore throat fatigue nausea chest pain rash stomach pain dizziness body ache loss of appetite runny nose vomiting diarrhea shortness of breath | Duration: 1 IP: ::1
2025-12-21 14:29:09 USERID: 1 ACTION: symptom_check_completed DESC: Check ID: 3 | Urgency: emergency IP: ::1
2025-12-21 14:29:11 USERID: 1 ACTION: symptom_checker_access DESC: Accessed symptom checker page IP: ::1
2025-12-21 14:29:17 USERID: 1 ACTION: symptom_check_viewed DESC: Viewed check ID: 3 IP: ::1
2025-12-21 14:30:14 USERID: 1 ACTION: symptom_check_request DESC: Symptoms: heart attack | Duration: 2 hours IP: ::1
2025-12-21 14:30:14 USERID: 1 ACTION: symptom_check_completed DESC: Check ID: 4 | Urgency: routine IP: ::1
2025-12-21 14:30:17 USERID: 1 ACTION: symptom_checker_access DESC: Accessed symptom checker page IP: ::1
2025-12-21 14:30:23 USERID: 1 ACTION: symptom_check_viewed DESC: Viewed check ID: 4 IP: ::1
2025-12-21 14:34:18 USERID: 1 ACTION: symptom_check_request DESC: Symptoms: heart attack | Duration: 2 hours IP: ::1
2025-12-21 14:34:18 USERID: 1 ACTION: symptom_check_completed DESC: Check ID: 5 | Urgency: emergency IP: ::1
2025-12-21 14:34:20 USERID: 1 ACTION: symptom_checker_access DESC: Accessed symptom checker page IP: ::1
2025-12-21 14:51:12 USERID: 1 ACTION: symptom_checker_access DESC: Accessed symptom checker page IP: ::1
2025-12-21 15:08:44 USERID: 1 ACTION: symptom_checker_access DESC: Accessed symptom checker page IP: ::1
2025-12-21 15:09:39 USERID: 1 ACTION: symptom_check_request DESC: Symptoms: heart attack | Duration: 2 hours IP: ::1
2025-12-21 15:09:39 USERID: 1 ACTION: symptom_check_completed DESC: Check ID: 1 | Urgency: emergency IP: ::1
2025-12-21 15:09:41 USERID: 1 ACTION: symptom_checker_access DESC: Accessed symptom checker page IP: ::1
2025-12-21 15:10:05 USERID: 1 ACTION: symptom_check_viewed DESC: Viewed check ID: 1 IP: ::1
2025-12-21 15:13:04 USERID: 1 ACTION: symptom_checker_access DESC: Accessed symptom checker page IP: ::1
2025-12-21 15:13:06 USERID: 1 ACTION: symptom_check_viewed DESC: Viewed check ID: 1 IP: ::1
2025-12-21 15:13:25 USERID: 1 ACTION: symptom_checker_access DESC: Accessed symptom checker page IP: ::1
2025-12-21 15:13:27 USERID: 1 ACTION: symptom_check_viewed DESC: Viewed check ID: 1 IP: ::1
2025-12-21 15:13:56 USERID: 1 ACTION: symptom_checker_access DESC: Accessed symptom checker page IP: ::1
2025-12-21 15:13:58 USERID: 1 ACTION: symptom_check_viewed DESC: Viewed check ID: 1 IP: ::1
2025-12-21 15:14:14 USERID: 1 ACTION: symptom_check_request DESC: Symptoms: I am experiencing: runny nose. shortness of breath cough fever | Duration: 2 days IP: ::1
2025-12-21 15:14:14 USERID: 1 ACTION: symptom_check_completed DESC: Check ID: 2 | Urgency: emergency IP: ::1
2025-12-21 15:14:16 USERID: 1 ACTION: symptom_checker_access DESC: Accessed symptom checker page IP: ::1
2025-12-21 15:14:19 USERID: 1 ACTION: symptom_check_viewed DESC: Viewed check ID: 2 IP: ::1
2025-12-21 15:15:37 USERID: 1 ACTION: symptom_check_request DESC: Symptoms: I am experiencing: fever. | Duration: 2 days IP: ::1
2025-12-21 15:15:37 USERID: 1 ACTION: symptom_check_completed DESC: Check ID: 3 | Urgency: emergency IP: ::1
2025-12-21 15:15:39 USERID: 1 ACTION: symptom_checker_access DESC: Accessed symptom checker page IP: ::1
2025-12-21 15:15:58 USERID: 1 ACTION: symptom_check_viewed DESC: Viewed check ID: 3 IP: ::1
2025-12-21 15:16:14 USERID: 1 ACTION: symptom_check_viewed DESC: Viewed check ID: 3 IP: ::1
2025-12-21 15:17:50 USERID: 1 ACTION: symptom_check_viewed DESC: Viewed check ID: 2 IP: ::1
2025-12-21 15:20:06 USERID: 1 ACTION: symptom_checker_access DESC: Accessed symptom checker page IP: ::1
2025-12-21 15:20:19 USERID: 1 ACTION: symptom_check_request DESC: Symptoms: I am experiencing: fever. cough | Duration: 2 days IP: ::1
2025-12-21 15:20:19 USERID: 1 ACTION: symptom_check_completed DESC: Check ID: 4 | Urgency: urgent IP: ::1
2025-12-21 15:20:21 USERID: 1 ACTION: symptom_checker_access DESC: Accessed symptom checker page IP: ::1
2025-12-21 15:20:26 USERID: 1 ACTION: symptom_check_viewed DESC: Viewed check ID: 4 IP: ::1
2025-12-21 15:24:44 USERID: 1 ACTION: symptom_checker_access DESC: Accessed symptom checker page IP: ::1
2025-12-21 15:24:47 USERID: 1 ACTION: symptom_check_viewed DESC: Viewed check ID: 4 IP: ::1
2025-12-21 15:26:15 USERID: 1 ACTION: symptom_checker_access DESC: Accessed symptom checker page IP: ::1
2025-12-21 15:26:24 USERID: 1 ACTION: symptom_check_request DESC: Symptoms: I am experiencing: fever. cough | Duration: 2 days IP: ::1
2025-12-21 15:26:24 USERID: 1 ACTION: symptom_check_completed DESC: Check ID: 5 | Urgency: urgent | Detected: 14 scopes IP: ::1
2025-12-21 15:26:26 USERID: 1 ACTION: symptom_checker_access DESC: Accessed symptom checker page IP: ::1
2025-12-21 15:29:05 USERID: 1 ACTION: symptom_check_viewed DESC: Viewed check ID: 5 IP: ::1
2025-12-21 15:46:12 USERID: 1 ACTION: symptom_checker_access DESC: Accessed symptom checker page IP: ::1
2025-12-21 15:46:17 USERID: 1 ACTION: symptom_check_viewed DESC: Viewed check ID: 3 IP: ::1
2025-12-21 15:46:40 USERID: 1 ACTION: symptom_check_request DESC: Symptoms: I am experiencing: fever. cough | Duration: 2 days IP: ::1
2025-12-21 15:46:40 USERID: 1 ACTION: symptom_check_completed DESC: Check ID: 6 | Urgency: urgent | Detected: 14 scopes IP: ::1
2025-12-21 15:46:42 USERID: 1 ACTION: symptom_checker_access DESC: Accessed symptom checker page IP: ::1
2025-12-21 15:46:48 USERID: 1 ACTION: symptom_check_viewed DESC: Viewed check ID: 6 IP: ::1
2025-12-21 15:47:34 USERID: 1 ACTION: symptom_check_viewed DESC: Viewed check ID: 6 IP: ::1
2025-12-21 15:49:31 USERID: 1 ACTION: symptom_checker_access DESC: Accessed symptom checker page IP: ::1
2025-12-21 15:49:46 USERID: 1 ACTION: symptom_check_request DESC: Symptoms: I am experiencing: fever. cough | Duration: 2 days IP: ::1
2025-12-21 15:49:47 USERID: 1 ACTION: symptom_check_completed DESC: Check ID: 7 | Urgency: urgent | Detected: 14 scopes IP: ::1
2025-12-21 15:49:49 USERID: 1 ACTION: symptom_checker_access DESC: Accessed symptom checker page IP: ::1
2025-12-21 15:49:57 USERID: 1 ACTION: symptom_check_viewed DESC: Viewed check ID: 7 IP: ::1
2025-12-21 16:00:05 USERID: 1 ACTION: symptom_checker_access DESC: Accessed symptom checker page IP: ::1
2025-12-21 16:00:06 USERID: 1 ACTION: symptom_checker_access DESC: Accessed symptom checker page IP: ::1
2025-12-21 16:00:07 USERID: 1 ACTION: symptom_checker_access DESC: Accessed symptom checker page IP: ::1
2025-12-21 16:00:20 USERID: 1 ACTION: symptom_check_request DESC: Symptoms: I am experiencing: fever. cough | Duration: 2 days IP: ::1
2025-12-21 16:00:20 USERID: 1 ACTION: symptom_check_completed DESC: Check ID: 8 | Urgency: urgent | Detected: 14 scopes IP: ::1
2025-12-21 16:00:22 USERID: 1 ACTION: symptom_checker_access DESC: Accessed symptom checker page IP: ::1
2025-12-21 16:18:27 USERID: 1 ACTION: symptom_checker_access DESC: Accessed symptom checker page IP: ::1
2025-12-21 16:18:39 USERID: 1 ACTION: symptom_check_request DESC: Symptoms: I am experiencing: fever. cough | Duration: 2 days IP: ::1
2025-12-21 16:18:39 USERID: 1 ACTION: symptom_check_completed DESC: Check ID: 9 | Urgency: urgent IP: ::1
2025-12-21 16:18:41 USERID: 1 ACTION: symptom_checker_access DESC: Accessed symptom checker page IP: ::1
2025-12-21 16:18:43 USERID: 1 ACTION: symptom_checker_access DESC: Accessed symptom checker page IP: ::1
2025-12-21 16:18:50 USERID: 1 ACTION: symptom_checker_access DESC: Accessed symptom checker page IP: ::1
2025-12-21 16:18:55 USERID: 1 ACTION: symptom_checker_access DESC: Accessed symptom checker page IP: ::1
2025-12-21 16:19:31 USERID: 1 ACTION: symptom_checker_access DESC: Accessed symptom checker page IP: ::1
2025-12-21 16:19:48 USERID: 1 ACTION: symptom_check_request DESC: Symptoms: I am experiencing: chest pain. | Duration: 2 days IP: ::1
2025-12-21 16:19:48 USERID: 1 ACTION: symptom_check_completed DESC: Check ID: 10 | Urgency: urgent IP: ::1
2025-12-21 16:19:50 USERID: 1 ACTION: symptom_checker_access DESC: Accessed symptom checker page IP: ::1
2025-12-21 16:19:53 USERID: 1 ACTION: symptom_checker_access DESC: Accessed symptom checker page IP: ::1
2025-12-21 16:20:24 USERID: 1 ACTION: symptom_checker_access DESC: Accessed symptom checker page IP: ::1
2025-12-21 16:21:22 USERID: 1 ACTION: symptom_checker_access DESC: Accessed symptom checker page IP: ::1
2025-12-21 16:23:19 USERID: 1 ACTION: symptom_checker_access DESC: Accessed symptom checker page IP: ::1
2025-12-21 16:24:09 USERID: 1 ACTION: symptom_checker_access DESC: Accessed symptom checker page IP: ::1
2025-12-21 16:24:54 USERID: 1 ACTION: symptom_checker_access DESC: Accessed symptom checker page IP: ::1
2025-12-21 16:26:00 USERID: 1 ACTION: symptom_checker_access DESC: Accessed symptom checker page IP: ::1
2025-12-21 16:35:41 USERID: 1 ACTION: symptom_checker_access DESC: Accessed symptom checker page IP: ::1
2025-12-21 16:35:55 USERID: 1 ACTION: symptom_checker_access DESC: Accessed symptom checker page IP: ::1
2025-12-21 16:42:00 USERID: 1 ACTION: symptom_checker_access DESC: Accessed symptom checker page IP: ::1
2025-12-21 16:42:15 USERID: 1 ACTION: symptom_checker_access DESC: Accessed symptom checker page IP: ::1
2025-12-21 16:48:23 USERID: 1 ACTION: symptom_checker_access DESC: Accessed symptom checker page IP: ::1
2025-12-21 16:52:08 USERID: 1 ACTION: symptom_checker_access DESC: Accessed symptom checker page IP: ::1
2025-12-21 19:44:32 USERID: 1 ACTION: symptom_checker_access DESC: Accessed symptom checker page IP: ::1
2025-12-21 20:06:41 USERID: 1 ACTION: symptom_checker_access DESC: Accessed symptom checker page IP: ::1
2025-12-21 20:08:08 USERID: 1 ACTION: symptom_checker_access DESC: Accessed symptom checker page IP: ::1
2025-12-21 20:13:58 USERID: 1 ACTION: symptom_checker_access DESC: Accessed symptom checker page IP: ::1
2025-12-21 20:34:15 USERID: 1 ACTION: symptom_checker_access DESC: Accessed symptom checker page IP: ::1
2025-12-21 20:41:25 USERID: 1 ACTION: symptom_checker_access DESC: Accessed symptom checker page IP: ::1
2025-12-21 20:43:30 USERID: 1 ACTION: symptom_checker_access DESC: Accessed symptom checker page IP: ::1
2025-12-21 21:07:13 USERID: 1 ACTION: symptom_checker_access DESC: Accessed symptom checker page IP: ::1
2025-12-21 21:07:15 USERID: 1 ACTION: symptom_checker_access DESC: Accessed symptom checker page IP: ::1
2025-12-21 21:07:17 USERID: 1 ACTION: symptom_checker_access DESC: Accessed symptom checker page IP: ::1
2025-12-21 21:07:18 USERID: 1 ACTION: symptom_checker_access DESC: Accessed symptom checker page IP: ::1
2025-12-21 21:07:18 USERID: 1 ACTION: symptom_checker_access DESC: Accessed symptom checker page IP: ::1
2025-12-21 21:07:18 USERID: 1 ACTION: symptom_checker_access DESC: Accessed symptom checker page IP: ::1
2025-12-21 21:07:18 USERID: 1 ACTION: symptom_checker_access DESC: Accessed symptom checker page IP: ::1
2025-12-21 21:07:18 USERID: 1 ACTION: symptom_checker_access DESC: Accessed symptom checker page IP: ::1
2025-12-21 23:25:23 USERID: 1 ACTION: symptom_checker_access DESC: Accessed symptom checker page IP: ::1
2025-12-21 23:26:19 USERID: 1 ACTION: symptom_checker_access DESC: Accessed symptom checker page IP: ::1
2025-12-21 23:39:04 USERID: 1 ACTION: symptom_checker_access DESC: Accessed symptom checker page IP: ::1
2025-12-21 23:41:28 USERID: 1 ACTION: symptom_checker_access DESC: Accessed symptom checker page IP: ::1
2025-12-21 23:42:03 USERID: 1 ACTION: symptom_checker_access DESC: Accessed symptom checker page IP: ::1
2025-12-21 23:44:15 USERID: 1 ACTION: symptom_checker_access DESC: Accessed symptom checker page IP: ::1
2025-12-21 23:50:05 USERID: 1 ACTION: symptom_checker_access DESC: Accessed symptom checker page IP: ::1
2025-12-21 23:52:26 USERID: 1 ACTION: symptom_checker_access DESC: Accessed symptom checker page IP: ::1
2025-12-21 23:56:59 USERID: 1 ACTION: symptom_checker_access DESC: Accessed symptom checker page IP: ::1
2025-12-22 00:59:02 USERID: 1 ACTION: symptom_checker_access DESC: Accessed symptom checker page IP: ::1
2025-12-22 00:59:20 USERID: 1 ACTION: symptom_checker_access DESC: Accessed symptom checker page IP: ::1
2025-12-22 00:59:21 USERID: 1 ACTION: symptom_checker_access DESC: Accessed symptom checker page IP: ::1
2025-12-22 00:59:22 USERID: 1 ACTION: symptom_checker_access DESC: Accessed symptom checker page IP: ::1
2025-12-22 01:08:24 USERID: 1 ACTION: symptom_checker_access DESC: Accessed symptom checker page IP: ::1
2025-12-22 01:08:39 USERID: 1 ACTION: symptom_checker_access DESC: Accessed symptom checker page IP: ::1
2025-12-22 01:09:49 USERID: 1 ACTION: symptom_checker_access DESC: Accessed symptom checker page IP: ::1
2025-12-22 01:09:59 USERID: 1 ACTION: symptom_checker_access DESC: Accessed symptom checker page IP: ::1
2025-12-22 01:10:06 USERID: 1 ACTION: symptom_checker_access DESC: Accessed symptom checker page IP: ::1
2025-12-22 01:10:18 USERID: 1 ACTION: symptom_checker_access DESC: Accessed symptom checker page IP: ::1
2025-12-22 01:10:23 USERID: 1 ACTION: symptom_checker_access DESC: Accessed symptom checker page IP: ::1
2025-12-22 01:12:06 USERID: 1 ACTION: symptom_checker_access DESC: Accessed symptom checker page IP: ::1
2025-12-22 01:12:10 USERID: 1 ACTION: symptom_checker_access DESC: Accessed symptom checker page IP: ::1
2025-12-22 04:02:41 USERID: 1 ACTION: symptom_checker_access DESC: Accessed symptom checker page IP: ::1
2025-12-23 15:48:53 USERID: 1 ACTION: symptom_checker_access DESC: Accessed symptom checker page IP: ::1
2025-12-24 00:56:33 USERID: 1 ACTION: symptom_checker_access DESC: Accessed symptom checker page IP: ::1
2025-12-24 00:58:08 USERID: 1 ACTION: symptom_checker_access DESC: Accessed symptom checker page IP: ::1
2025-12-24 01:04:53 USERID: 1 ACTION: medical_records_access DESC: Accessed medical records page IP: ::1
2025-12-24 01:15:15 USERID: 1 ACTION: medical_records_access DESC: Accessed medical records page IP: ::1
2025-12-24 03:20:28 USERID: 1 ACTION: symptom_checker_access DESC: Accessed symptom checker page IP: ::1
2025-12-24 03:20:59 USERID: 1 ACTION: symptom_checker_access DESC: Accessed symptom checker page IP: ::1
2025-12-24 03:38:06 USERID: 1 ACTION: symptom_checker_access DESC: Accessed symptom checker page IP: ::1
2025-12-25 18:07:41 USERID: 1 ACTION: symptom_checker_access DESC: Accessed symptom checker page IP: ::1
2025-12-25 18:25:37 USERID: 1 ACTION: symptom_checker_access DESC: Accessed symptom checker page IP: ::1
2025-12-26 16:25:07 USERID: 1 ACTION: symptom_checker_access DESC: Accessed symptom checker page IP: ::1
2025-12-27 00:25:10 USERID: 1 ACTION: symptom_checker_access DESC: Accessed symptom checker page IP: ::1
2025-12-28 03:54:36 USERID: 1 ACTION: symptom_checker_access DESC: Accessed symptom checker page IP: ::1
2025-12-28 04:02:04 USERID: 1 ACTION: symptom_checker_access DESC: Accessed symptom checker page IP: ::1
2025-12-28 19:18:35 USERID: 1 ACTION: symptom_checker_access DESC: Accessed symptom checker page IP: ::1
2025-12-28 23:25:09 USERID: 1 ACTION: symptom_checker_access DESC: Accessed symptom checker page IP: ::1
2026-01-03 02:26:11 USERID: 1 ACTION: symptom_checker_access DESC: Accessed symptom checker page IP: ::1
2026-01-03 02:31:59 USERID: 1 ACTION: symptom_checker_access DESC: Accessed symptom checker page IP: ::1
2026-01-03 02:32:10 USERID: 1 ACTION: symptom_checker_access DESC: Accessed symptom checker page IP: ::1
2026-01-03 02:32:10 USERID: 1 ACTION: symptom_checker_access DESC: Accessed symptom checker page IP: ::1
2026-01-03 02:32:10 USERID: 1 ACTION: symptom_checker_access DESC: Accessed symptom checker page IP: ::1
2026-01-03 02:32:11 USERID: 1 ACTION: symptom_checker_access DESC: Accessed symptom checker page IP: ::1
2026-01-03 02:32:26 USERID: 1 ACTION: symptom_checker_access DESC: Accessed symptom checker page IP: ::1
2026-01-03 02:37:03 USERID: 1 ACTION: symptom_checker_access DESC: Accessed symptom checker page IP: ::1
2026-01-03 02:37:05 USERID: 1 ACTION: symptom_checker_access DESC: Accessed symptom checker page IP: ::1
2026-01-03 02:37:05 USERID: 1 ACTION: symptom_checker_access DESC: Accessed symptom checker page IP: ::1
2026-01-03 02:42:03 USERID: 1 ACTION: symptom_checker_access DESC: Accessed symptom checker page IP: ::1
2026-01-03 02:45:43 USERID: 1 ACTION: symptom_checker_access DESC: Accessed symptom checker page IP: ::1
2026-01-03 02:48:48 USERID: 1 ACTION: symptom_checker_access DESC: Accessed symptom checker page IP: ::1
2026-01-03 02:53:38 USERID: 1 ACTION: symptom_checker_access DESC: Accessed symptom checker page IP: ::1
2026-01-03 02:56:51 USERID: 1 ACTION: symptom_checker_access DESC: Accessed symptom checker page IP: ::1
2026-01-03 02:58:06 USERID: 1 ACTION: symptom_checker_access DESC: Accessed symptom checker page IP: ::1
2026-01-03 02:58:32 USERID: 1 ACTION: symptom_checker_access DESC: Accessed symptom checker page IP: ::1
2026-01-03 03:01:18 USERID: 1 ACTION: symptom_checker_access DESC: Accessed symptom checker page IP: ::1
2026-01-03 03:19:37 USERID: 1 ACTION: symptom_checker_access DESC: Accessed symptom checker page IP: ::1
2026-01-03 03:42:43 USERID: 1 ACTION: symptom_checker_access DESC: Accessed symptom checker page IP: ::1
2026-01-03 03:53:51 USERID: 1 ACTION: symptom_checker_access DESC: Accessed symptom checker page IP: ::1
2026-01-03 17:59:35 USERID: 1 ACTION: symptom_checker_access DESC: Accessed symptom checker page IP: ::1
2026-01-03 18:01:27 USERID: 1 ACTION: symptom_checker_access DESC: Accessed symptom checker page IP: ::1
2026-01-03 18:02:59 USERID: 1 ACTION: symptom_checker_access DESC: Accessed symptom checker page IP: ::1
2026-01-03 18:03:20 USERID: 1 ACTION: symptom_checker_access DESC: Accessed symptom checker page IP: ::1
2026-01-03 18:03:59 USERID: 1 ACTION: symptom_checker_access DESC: Accessed symptom checker page IP: ::1
2026-01-03 18:04:00 USERID: 1 ACTION: symptom_checker_access DESC: Accessed symptom checker page IP: ::1
2026-01-03 18:04:23 USERID: 1 ACTION: symptom_checker_access DESC: Accessed symptom checker page IP: ::1
2026-01-03 18:05:21 USERID: 1 ACTION: symptom_checker_access DESC: Accessed symptom checker page IP: ::1
2026-01-03 18:05:23 USERID: 1 ACTION: symptom_checker_access DESC: Accessed symptom checker page IP: ::1
2026-01-03 18:12:23 USERID: 1 ACTION: symptom_checker_access DESC: Accessed symptom checker page IP: ::1
2026-01-03 18:13:06 USERID: 1 ACTION: symptom_checker_access DESC: Accessed symptom checker page IP: ::1
2026-01-03 18:30:24 USERID: 1 ACTION: symptom_checker_access DESC: Accessed symptom checker page IP: ::1
2026-01-04 03:03:53 USERID: 1 ACTION: symptom_checker_access DESC: Accessed symptom checker page IP: ::1
2026-01-04 04:43:17 USERID: 1 ACTION: symptom_checker_access DESC: Accessed symptom checker page IP: ::1
2026-01-04 04:43:54 USERID: 1 ACTION: symptom_checker_access DESC: Accessed symptom checker page IP: ::1
2026-01-04 04:43:56 USERID: 1 ACTION: symptom_checker_access DESC: Accessed symptom checker page IP: ::1
2026-01-05 15:47:03 USERID: 1 ACTION: symptom_checker_access DESC: Accessed symptom checker page IP: ::1
2026-01-05 18:47:35 USERID: 1 ACTION: symptom_checker_access DESC: Accessed symptom checker page IP: ::1
2026-01-05 18:48:47 USERID: 1 ACTION: symptom_checker_access DESC: Accessed symptom checker page IP: ::1
2026-01-05 19:09:52 USERID: 1 ACTION: symptom_checker_access DESC: Accessed symptom checker page IP: ::1
2026-01-05 19:09:55 USERID: 1 ACTION: symptom_checker_access DESC: Accessed symptom checker page IP: ::1
2026-01-05 19:09:56 USERID: 1 ACTION: symptom_checker_access DESC: Accessed symptom checker page IP: ::1
2026-01-05 19:09:56 USERID: 1 ACTION: symptom_checker_access DESC: Accessed symptom checker page IP: ::1
2026-01-06 04:38:20 USERID: 1 ACTION: symptom_checker_access DESC: Accessed symptom checker page IP: ::1
2026-01-06 10:56:01 USERID: 1 ACTION: symptom_checker_access DESC: Accessed symptom checker page IP: ::1
2026-01-06 15:55:03 USERID: 1 ACTION: symptom_checker_access DESC: Accessed symptom checker page IP: ::1
2026-01-06 15:55:43 USERID: 1 ACTION: symptom_checker_access DESC: Accessed symptom checker page IP: ::1
2026-01-06 15:56:42 USERID: 1 ACTION: symptom_checker_access DESC: Accessed symptom checker page IP: ::1
2026-01-06 17:22:05 USERID: 1 ACTION: symptom_checker_access DESC: Accessed symptom checker page IP: ::1
2026-01-09 02:05:24 USERID: 1 ACTION: symptom_checker_access DESC: Accessed symptom checker page IP: ::1
2026-01-09 20:34:32 USERID: 1 ACTION: symptom_checker_access DESC: Accessed symptom checker page IP: ::1
2026-01-09 20:40:33 USERID: 1 ACTION: symptom_checker_access DESC: Accessed symptom checker page IP: ::1
2026-01-09 20:43:51 USERID: 1 ACTION: symptom_checker_access DESC: Accessed symptom checker page IP: ::1
2026-01-09 20:50:29 USERID: 1 ACTION: symptom_checker_access DESC: Accessed symptom checker page IP: ::1
2026-01-09 21:01:15 USERID: 1 ACTION: symptom_checker_access DESC: Accessed symptom checker page IP: ::1
